# JRE version: Java(TM) SE Runtime Environment (9.0+11) (build 9.0.4+11)
# Java VM: Java HotSpot(TM) 64-Bit Server VM (9.0.4+11, mixed mode, tiered, compressed oops, g1 gc, windows-amd64)
Heap:
 garbage-first heap   total 293888K, used 112109K [0x0000000700000000, 0x00000007001008f8, 0x00000007c0000000)
  region size 1024K, 23 young (23552K), 1 survivors (1024K)
 Metaspace       used 84387K, capacity 89927K, committed 89980K, reserved 1126400K
  class space    used 12428K, capacity 13397K, committed 13436K, reserved 1048576K
GC Heap History (10 events):
Event: 60.817 GC heap before
{Heap before GC invocations=59 (full 3):
 garbage-first heap   total 227328K, used 148491K [0x0000000700000000, 0x00000007001006f0, 0x00000007c0000000)
  region size 1024K, 52 young (53248K), 0 survivors (0K)
 Metaspace       used 84107K, capacity 89705K, committed 89980K, reserved 1126400K
  class space    used 12407K, capacity 13392K, committed 13436K, reserved 1048576K
}
Event: 60.826 GC heap after
{Heap after GC invocations=60 (full 3):
 garbage-first heap   total 227328K, used 99648K [0x0000000700000000, 0x00000007001006f0, 0x00000007c0000000)
  region size 1024K, 4 young (4096K), 4 survivors (4096K)
 Metaspace       used 84107K, capacity 89705K, committed 89980K, reserved 1126400K
  class space    used 12407K, capacity 13392K, committed 13436K, reserved 1048576K
}
Event: 62.987 GC heap before
{Heap before GC invocations=61 (full 3):
 garbage-first heap   total 227328K, used 164160K [0x0000000700000000, 0x00000007001006f0, 0x00000007c0000000)
  region size 1024K, 60 young (61440K), 4 survivors (4096K)
 Metaspace       used 84185K, capacity 89799K, committed 89980K, reserved 1126400K
  class space    used 12416K, capacity 13397K, committed 13436K, reserved 1048576K
}
Event: 62.995 GC heap after
{Heap after GC invocations=62 (full 3):
 garbage-first heap   total 391168K, used 90085K [0x0000000700000000, 0x0000000700100bf0, 0x00000007c0000000)
  region size 1024K, 2 young (2048K), 2 survivors (2048K)
 Metaspace       used 84185K, capacity 89799K, committed 89980K, reserved 1126400K
  class space    used 12416K, capacity 13397K, committed 13436K, reserved 1048576K
}
Event: 63.447 GC heap before
{Heap before GC invocations=62 (full 3):
 garbage-first heap   total 391168K, used 151525K [0x0000000700000000, 0x0000000700100bf0, 0x00000007c0000000)
  region size 1024K, 60 young (61440K), 2 survivors (2048K)
 Metaspace       used 84215K, capacity 89799K, committed 89980K, reserved 1126400K
  class space    used 12416K, capacity 13397K, committed 13436K, reserved 1048576K
}
Event: 63.452 GC heap after
{Heap after GC invocations=63 (full 3):
 garbage-first heap   total 391168K, used 88191K [0x0000000700000000, 0x0000000700100bf0, 0x00000007c0000000)
  region size 1024K, 3 young (3072K), 3 survivors (3072K)
 Metaspace       used 84215K, capacity 89799K, committed 89980K, reserved 1126400K
  class space    used 12416K, capacity 13397K, committed 13436K, reserved 1048576K
}
Event: 63.635 GC heap before
{Heap before GC invocations=63 (full 3):
 garbage-first heap   total 391168K, used 104575K [0x0000000700000000, 0x0000000700100bf0, 0x00000007c0000000)
  region size 1024K, 18 young (18432K), 3 survivors (3072K)
 Metaspace       used 84259K, capacity 89863K, committed 89980K, reserved 1126400K
  class space    used 12421K, capacity 13397K, committed 13436K, reserved 1048576K
}
Event: 63.910 GC heap after
{Heap after GC invocations=64 (full 4):
 garbage-first heap   total 293888K, used 87895K [0x0000000700000000, 0x00000007001008f8, 0x00000007c0000000)
  region size 1024K, 0 young (0K), 0 survivors (0K)
 Metaspace       used 84259K, capacity 89863K, committed 89980K, reserved 1126400K
  class space    used 12421K, capacity 13397K, committed 13436K, reserved 1048576K
}
Event: 64.959 GC heap before
{Heap before GC invocations=64 (full 4):
 garbage-first heap   total 293888K, used 151383K [0x0000000700000000, 0x00000007001008f8, 0x00000007c0000000)
  region size 1024K, 60 young (61440K), 0 survivors (0K)
 Metaspace       used 84304K, capacity 89863K, committed 89980K, reserved 1126400K
  class space    used 12422K, capacity 13397K, committed 13436K, reserved 1048576K
}
Event: 64.961 GC heap after
{Heap after GC invocations=65 (full 4):
 garbage-first heap   total 293888K, used 90605K [0x0000000700000000, 0x00000007001008f8, 0x00000007c0000000)
  region size 1024K, 1 young (1024K), 1 survivors (1024K)
 Metaspace       used 84304K, capacity 89863K, committed 89980K, reserved 1126400K
  class space    used 12422K, capacity 13397K, committed 13436K, reserved 1048576K
}

