# JRE version: Java(TM) SE Runtime Environment (9.0+11) (build 9.0.4+11)
# Java VM: Java HotSpot(TM) 64-Bit Server VM (9.0.4+11, mixed mode, tiered, compressed oops, g1 gc, windows-amd64)
Heap:
 garbage-first heap   total 462848K, used 211219K [0x0000000700000000, 0x0000000700100e20, 0x00000007c0000000)
  region size 1024K, 58 young (59392K), 0 survivors (0K)
 Metaspace       used 111914K, capacity 114469K, committed 120652K, reserved 1153024K
  class space    used 15687K, capacity 16194K, committed 17484K, reserved 1048576K
GC Heap History (10 events):
Event: 83635.360 GC heap before
{Heap before GC invocations=4186 (full 413):
 garbage-first heap   total 462848K, used 194700K [0x0000000700000000, 0x0000000700100e20, 0x00000007c0000000)
  region size 1024K, 46 young (47104K), 1 survivors (1024K)
 Metaspace       used 111886K, capacity 114445K, committed 120652K, reserved 1153024K
  class space    used 15685K, capacity 16190K, committed 17484K, reserved 1048576K
}
Event: 83635.822 GC heap after
{Heap after GC invocations=4187 (full 414):
 garbage-first heap   total 462848K, used 148535K [0x0000000700000000, 0x0000000700100e20, 0x00000007c0000000)
  region size 1024K, 0 young (0K), 0 survivors (0K)
 Metaspace       used 111886K, capacity 114445K, committed 120652K, reserved 1153024K
  class space    used 15685K, capacity 16190K, committed 17484K, reserved 1048576K
}
Event: 83645.784 GC heap before
{Heap before GC invocations=4187 (full 414):
 garbage-first heap   total 462848K, used 212023K [0x0000000700000000, 0x0000000700100e20, 0x00000007c0000000)
  region size 1024K, 60 young (61440K), 0 survivors (0K)
 Metaspace       used 111898K, capacity 114445K, committed 120652K, reserved 1153024K
  class space    used 15685K, capacity 16190K, committed 17484K, reserved 1048576K
}
Event: 83645.791 GC heap after
{Heap after GC invocations=4188 (full 414):
 garbage-first heap   total 462848K, used 152445K [0x0000000700000000, 0x0000000700100e20, 0x00000007c0000000)
  region size 1024K, 2 young (2048K), 2 survivors (2048K)
 Metaspace       used 111898K, capacity 114445K, committed 120652K, reserved 1153024K
  class space    used 15685K, capacity 16190K, committed 17484K, reserved 1048576K
}
Event: 83646.124 GC heap before
{Heap before GC invocations=4188 (full 414):
 garbage-first heap   total 462848K, used 211837K [0x0000000700000000, 0x0000000700100e20, 0x00000007c0000000)
  region size 1024K, 60 young (61440K), 2 survivors (2048K)
 Metaspace       used 111899K, capacity 114445K, committed 120652K, reserved 1153024K
  class space    used 15685K, capacity 16190K, committed 17484K, reserved 1048576K
}
Event: 83646.129 GC heap after
{Heap after GC invocations=4189 (full 414):
 garbage-first heap   total 462848K, used 151985K [0x0000000700000000, 0x0000000700100e20, 0x00000007c0000000)
  region size 1024K, 2 young (2048K), 2 survivors (2048K)
 Metaspace       used 111899K, capacity 114445K, committed 120652K, reserved 1153024K
  class space    used 15685K, capacity 16190K, committed 17484K, reserved 1048576K
}
Event: 83648.181 GC heap before
{Heap before GC invocations=4189 (full 414):
 garbage-first heap   total 462848K, used 213425K [0x0000000700000000, 0x0000000700100e20, 0x00000007c0000000)
  region size 1024K, 60 young (61440K), 2 survivors (2048K)
 Metaspace       used 111911K, capacity 114469K, committed 120652K, reserved 1153024K
  class space    used 15687K, capacity 16194K, committed 17484K, reserved 1048576K
}
Event: 83648.185 GC heap after
{Heap after GC invocations=4190 (full 414):
 garbage-first heap   total 462848K, used 153682K [0x0000000700000000, 0x0000000700100e20, 0x00000007c0000000)
  region size 1024K, 2 young (2048K), 2 survivors (2048K)
 Metaspace       used 111911K, capacity 114469K, committed 120652K, reserved 1153024K
  class space    used 15687K, capacity 16194K, committed 17484K, reserved 1048576K
}
Event: 83648.384 GC heap before
{Heap before GC invocations=4190 (full 414):
 garbage-first heap   total 462848K, used 183378K [0x0000000700000000, 0x0000000700100e20, 0x00000007c0000000)
  region size 1024K, 28 young (28672K), 2 survivors (2048K)
 Metaspace       used 111911K, capacity 114469K, committed 120652K, reserved 1153024K
  class space    used 15687K, capacity 16194K, committed 17484K, reserved 1048576K
}
Event: 83648.899 GC heap after
{Heap after GC invocations=4191 (full 415):
 garbage-first heap   total 462848K, used 150803K [0x0000000700000000, 0x0000000700100e20, 0x00000007c0000000)
  region size 1024K, 0 young (0K), 0 survivors (0K)
 Metaspace       used 111911K, capacity 114469K, committed 120652K, reserved 1153024K
  class space    used 15687K, capacity 16194K, committed 17484K, reserved 1048576K
}

